<?xml version="1.0" encoding="UTF-8"?>
<!-- Generated by org.testng.reporters.JUnitXMLReporter -->
<testsuite hostname="LAPTOP-0Q26RQO3" ignored="0" name="Default test" tests="2" failures="0" timestamp="26 Jan 2022 16:56:46 GMT" time="16.281" errors="0">
  <testcase name="runScenario" time="6.576" classname="io.cucumber.testng.AbstractTestNGCucumberTests"/>
  <testcase name="runScenario" time="5.146" classname="io.cucumber.testng.AbstractTestNGCucumberTests"/>
</testsuite> <!-- Default test -->
