<?xml version="1.0" encoding="UTF-8"?>
<testng-results skipped="0" failed="0" ignored="0" total="2" passed="2">
  <reporter-output>
  </reporter-output>
  <suite name="Default suite" duration-ms="16281" started-at="2022-01-26T16:56:30Z" finished-at="2022-01-26T16:56:46Z">
    <groups>
      <group name="cucumber">
        <method signature="AbstractTestNGCucumberTests.runScenario(io.cucumber.testng.PickleWrapper, io.cucumber.testng.FeatureWrapper)[pri:0, instance:com.cucumber.runner.Runner@5dd6264]" name="runScenario" class="io.cucumber.testng.AbstractTestNGCucumberTests"/>
      </group> <!-- cucumber -->
    </groups>
    <test name="Default test" duration-ms="16281" started-at="2022-01-26T16:56:30Z" finished-at="2022-01-26T16:56:46Z">
      <class name="com.cucumber.runner.Runner">
        <test-method status="PASS" signature="setUpClass()[pri:0, instance:com.cucumber.runner.Runner@5dd6264]" name="setUpClass" is-config="true" duration-ms="1395" started-at="2022-01-26T16:56:30Z" finished-at="2022-01-26T16:56:31Z">
          <reporter-output>
          </reporter-output>
        </test-method> <!-- setUpClass -->
        <test-method status="PASS" signature="runScenario(io.cucumber.testng.PickleWrapper, io.cucumber.testng.FeatureWrapper)[pri:0, instance:com.cucumber.runner.Runner@5dd6264]" name="runScenario" duration-ms="6576" started-at="2022-01-26T16:56:31Z" description="Runs Cucumber Scenarios" data-provider="scenarios" finished-at="2022-01-26T16:56:38Z">
          <params>
            <param index="0">
              <value>
                <![CDATA["Login to LeafTaps Application"]]>
              </value>
            </param>
            <param index="1">
              <value>
                <![CDATA["Optional[Testing Leads in LeafTaps Application]"]]>
              </value>
            </param>
          </params>
          <reporter-output>
          </reporter-output>
        </test-method> <!-- runScenario -->
        <test-method status="PASS" signature="runScenario(io.cucumber.testng.PickleWrapper, io.cucumber.testng.FeatureWrapper)[pri:0, instance:com.cucumber.runner.Runner@5dd6264]" name="runScenario" duration-ms="5146" started-at="2022-01-26T16:56:38Z" description="Runs Cucumber Scenarios" data-provider="scenarios" finished-at="2022-01-26T16:56:43Z">
          <params>
            <param index="0">
              <value>
                <![CDATA["Enter CreateLead Page"]]>
              </value>
            </param>
            <param index="1">
              <value>
                <![CDATA["Optional[Testing Leads in LeafTaps Application]"]]>
              </value>
            </param>
          </params>
          <reporter-output>
          </reporter-output>
        </test-method> <!-- runScenario -->
        <test-method status="PASS" signature="tearDownClass()[pri:0, instance:com.cucumber.runner.Runner@5dd6264]" name="tearDownClass" is-config="true" duration-ms="3125" started-at="2022-01-26T16:56:43Z" finished-at="2022-01-26T16:56:46Z">
          <reporter-output>
          </reporter-output>
        </test-method> <!-- tearDownClass -->
      </class> <!-- com.cucumber.runner.Runner -->
    </test> <!-- Default test -->
  </suite> <!-- Default suite -->
</testng-results>
